Build started 1/20/2015 11:35:28 AM.
     1>Project "C:\Users\bryson.au\Documents\GitHub\GLFWGLEW\GLFW\Project9\Project9.vcxproj" on node 2 (Build target(s)).
     1>C:\Program Files (x86)\MSBuild\Microsoft.Cpp\v4.0\V120\Microsoft.CppBuild.targets(381,5): warning MSB8028: The intermediate directory (Debug\) contains files shared from another project (Project9.vcxproj).  This can lead to incorrect clean and rebuild behavior.
     1>ClCompile:
         C:\Program Files (x86)\Microsoft Visual Studio 12.0\VC\bin\CL.exe /c /ZI /nologo /W3 /WX- /sdl /Od /Oy- /D _MBCS /Gm /EHsc /RTC1 /MDd /GS /fp:precise /Zc:wchar_t /Zc:forScope /Fo"Debug\\" /Fd"Debug\vc120.pdb" /Gd /TP /analyze- /errorReport:prompt Globals.cpp Player.cpp main.cpp
         main.cpp
     1>c:\users\bryson.au\documents\github\glfwglew\glfw\project9\main.cpp(22): warning C4244: '=' : conversion from 'double' to 'float', possible loss of data
     1>c:\users\bryson.au\documents\github\glfwglew\glfw\project9\main.cpp(24): warning C4244: '=' : conversion from 'double' to 'float', possible loss of data
     1>c:\users\bryson.au\documents\github\glfwglew\glfw\project9\main.cpp(26): warning C4244: '=' : conversion from 'double' to 'float', possible loss of data
     1>c:\users\bryson.au\documents\github\glfwglew\glfw\project9\main.cpp(172): warning C4244: '=' : conversion from 'int' to 'float', possible loss of data
     1>c:\users\bryson.au\documents\github\glfwglew\glfw\project9\main.cpp(173): warning C4244: '=' : conversion from 'int' to 'float', possible loss of data
     1>c:\users\bryson.au\documents\github\glfwglew\glfw\project9\main.cpp(175): warning C4244: 'argument' : conversion from 'time_t' to 'unsigned int', possible loss of data
     1>c:\users\bryson.au\documents\github\glfwglew\glfw\project9\main.cpp(178): warning C4244: '=' : conversion from 'int' to 'float', possible loss of data
     1>c:\users\bryson.au\documents\github\glfwglew\glfw\project9\main.cpp(179): warning C4244: '=' : conversion from 'int' to 'float', possible loss of data
     1>c:\users\bryson.au\documents\github\glfwglew\glfw\project9\main.cpp(192): warning C4244: '=' : conversion from 'int' to 'float', possible loss of data
     1>c:\users\bryson.au\documents\github\glfwglew\glfw\project9\main.cpp(193): warning C4244: '=' : conversion from 'int' to 'float', possible loss of data
     1>c:\users\bryson.au\documents\github\glfwglew\glfw\project9\main.cpp(258): error C2065: 'playerShip' : undeclared identifier
     1>c:\users\bryson.au\documents\github\glfwglew\glfw\project9\main.cpp(447): error C2065: 'playerShip' : undeclared identifier
     1>c:\users\bryson.au\documents\github\glfwglew\glfw\project9\main.cpp(447): error C2228: left of '.fPositions' must have class/struct/union
     1>c:\users\bryson.au\documents\github\glfwglew\glfw\project9\main.cpp(447): error C2597: illegal reference to non-static member 'Globals::screenSize'
     1>c:\users\bryson.au\documents\github\glfwglew\glfw\project9\main.cpp(447): error C3867: 'Globals::screenSize': function call missing argument list; use '&Globals::screenSize' to create a pointer to member
     1>c:\users\bryson.au\documents\github\glfwglew\glfw\project9\main.cpp(452): error C2065: 'playerShip' : undeclared identifier
     1>c:\users\bryson.au\documents\github\glfwglew\glfw\project9\main.cpp(462): error C2065: 'playerShip' : undeclared identifier
     1>c:\users\bryson.au\documents\github\glfwglew\glfw\project9\main.cpp(462): error C2228: left of '.fPositions' must have class/struct/union
     1>c:\users\bryson.au\documents\github\glfwglew\glfw\project9\main.cpp(462): error C2597: illegal reference to non-static member 'Globals::screenSize'
     1>c:\users\bryson.au\documents\github\glfwglew\glfw\project9\main.cpp(462): error C3867: 'Globals::screenSize': function call missing argument list; use '&Globals::screenSize' to create a pointer to member
     1>c:\users\bryson.au\documents\github\glfwglew\glfw\project9\main.cpp(467): error C2065: 'playerShip' : undeclared identifier
     1>c:\users\bryson.au\documents\github\glfwglew\glfw\project9\main.cpp(477): error C2065: 'playerShip' : undeclared identifier
     1>c:\users\bryson.au\documents\github\glfwglew\glfw\project9\main.cpp(477): error C2228: left of '.fPositions' must have class/struct/union
     1>c:\users\bryson.au\documents\github\glfwglew\glfw\project9\main.cpp(477): error C2065: 'screenSize' : undeclared identifier
     1>c:\users\bryson.au\documents\github\glfwglew\glfw\project9\main.cpp(482): error C2065: 'playerShip' : undeclared identifier
     1>c:\users\bryson.au\documents\github\glfwglew\glfw\project9\main.cpp(492): error C2065: 'playerShip' : undeclared identifier
     1>c:\users\bryson.au\documents\github\glfwglew\glfw\project9\main.cpp(492): error C2228: left of '.fPositions' must have class/struct/union
     1>c:\users\bryson.au\documents\github\glfwglew\glfw\project9\main.cpp(492): error C2597: illegal reference to non-static member 'Globals::screenSize'
     1>c:\users\bryson.au\documents\github\glfwglew\glfw\project9\main.cpp(492): error C3867: 'Globals::screenSize': function call missing argument list; use '&Globals::screenSize' to create a pointer to member
     1>c:\users\bryson.au\documents\github\glfwglew\glfw\project9\main.cpp(497): error C2065: 'playerShip' : undeclared identifier
         Player.cpp
     1>c:\users\bryson.au\documents\github\glfwglew\glfw\project9\player.cpp(6): error C2597: illegal reference to non-static member 'Globals::screenSize'
     1>c:\users\bryson.au\documents\github\glfwglew\glfw\project9\player.cpp(6): error C3867: 'Globals::screenSize': function call missing argument list; use '&Globals::screenSize' to create a pointer to member
     1>c:\users\bryson.au\documents\github\glfwglew\glfw\project9\player.cpp(8): error C2597: illegal reference to non-static member 'Globals::screenSize'
     1>c:\users\bryson.au\documents\github\glfwglew\glfw\project9\player.cpp(8): error C3867: 'Globals::screenSize': function call missing argument list; use '&Globals::screenSize' to create a pointer to member
     1>c:\users\bryson.au\documents\github\glfwglew\glfw\project9\player.cpp(10): error C2597: illegal reference to non-static member 'Globals::screenSize'
     1>c:\users\bryson.au\documents\github\glfwglew\glfw\project9\player.cpp(10): error C3867: 'Globals::screenSize': function call missing argument list; use '&Globals::screenSize' to create a pointer to member
     1>c:\users\bryson.au\documents\github\glfwglew\glfw\project9\player.cpp(12): error C2597: illegal reference to non-static member 'Globals::screenSize'
     1>c:\users\bryson.au\documents\github\glfwglew\glfw\project9\player.cpp(12): error C3867: 'Globals::screenSize': function call missing argument list; use '&Globals::screenSize' to create a pointer to member
     1>c:\users\bryson.au\documents\github\glfwglew\glfw\project9\player.cpp(14): error C2597: illegal reference to non-static member 'Globals::screenSize'
     1>c:\users\bryson.au\documents\github\glfwglew\glfw\project9\player.cpp(14): error C3867: 'Globals::screenSize': function call missing argument list; use '&Globals::screenSize' to create a pointer to member
     1>c:\users\bryson.au\documents\github\glfwglew\glfw\project9\player.cpp(16): error C2597: illegal reference to non-static member 'Globals::screenSize'
     1>c:\users\bryson.au\documents\github\glfwglew\glfw\project9\player.cpp(16): error C3867: 'Globals::screenSize': function call missing argument list; use '&Globals::screenSize' to create a pointer to member
     1>c:\users\bryson.au\documents\github\glfwglew\glfw\project9\player.cpp(36): error C2065: 'window' : undeclared identifier
     1>c:\users\bryson.au\documents\github\glfwglew\glfw\project9\player.cpp(41): error C2597: illegal reference to non-static member 'Globals::screenSize'
     1>c:\users\bryson.au\documents\github\glfwglew\glfw\project9\player.cpp(41): error C3867: 'Globals::screenSize': function call missing argument list; use '&Globals::screenSize' to create a pointer to member
     1>c:\users\bryson.au\documents\github\glfwglew\glfw\project9\player.cpp(43): error C2065: 'uiVBO' : undeclared identifier
     1>c:\users\bryson.au\documents\github\glfwglew\glfw\project9\player.cpp(51): error C2065: 'window' : undeclared identifier
     1>c:\users\bryson.au\documents\github\glfwglew\glfw\project9\player.cpp(56): error C2597: illegal reference to non-static member 'Globals::screenSize'
     1>c:\users\bryson.au\documents\github\glfwglew\glfw\project9\player.cpp(56): error C3867: 'Globals::screenSize': function call missing argument list; use '&Globals::screenSize' to create a pointer to member
     1>c:\users\bryson.au\documents\github\glfwglew\glfw\project9\player.cpp(58): error C2065: 'uiVBO' : undeclared identifier
     1>c:\users\bryson.au\documents\github\glfwglew\glfw\project9\player.cpp(66): error C2065: 'window' : undeclared identifier
     1>c:\users\bryson.au\documents\github\glfwglew\glfw\project9\player.cpp(71): error C2065: 'myShape' : undeclared identifier
     1>c:\users\bryson.au\documents\github\glfwglew\glfw\project9\player.cpp(71): error C2228: left of '.fPositions' must have class/struct/union
     1>c:\users\bryson.au\documents\github\glfwglew\glfw\project9\player.cpp(71): error C2597: illegal reference to non-static member 'Globals::screenSize'
     1>c:\users\bryson.au\documents\github\glfwglew\glfw\project9\player.cpp(71): error C3867: 'Globals::screenSize': function call missing argument list; use '&Globals::screenSize' to create a pointer to member
     1>c:\users\bryson.au\documents\github\glfwglew\glfw\project9\player.cpp(73): error C2065: 'uiVBO' : undeclared identifier
     1>c:\users\bryson.au\documents\github\glfwglew\glfw\project9\player.cpp(76): error C2065: 'myShape' : undeclared identifier
     1>c:\users\bryson.au\documents\github\glfwglew\glfw\project9\player.cpp(81): error C2065: 'window' : undeclared identifier
     1>c:\users\bryson.au\documents\github\glfwglew\glfw\project9\player.cpp(86): error C2065: 'myShape' : undeclared identifier
     1>c:\users\bryson.au\documents\github\glfwglew\glfw\project9\player.cpp(86): error C2228: left of '.fPositions' must have class/struct/union
     1>c:\users\bryson.au\documents\github\glfwglew\glfw\project9\player.cpp(86): error C2597: illegal reference to non-static member 'Globals::screenSize'
     1>c:\users\bryson.au\documents\github\glfwglew\glfw\project9\player.cpp(86): error C3867: 'Globals::screenSize': function call missing argument list; use '&Globals::screenSize' to create a pointer to member
     1>c:\users\bryson.au\documents\github\glfwglew\glfw\project9\player.cpp(88): error C2065: 'uiVBO' : undeclared identifier
     1>c:\users\bryson.au\documents\github\glfwglew\glfw\project9\player.cpp(91): error C2065: 'myShape' : undeclared identifier
         Globals.cpp
         Generating Code...
     1>Done Building Project "C:\Users\bryson.au\Documents\GitHub\GLFWGLEW\GLFW\Project9\Project9.vcxproj" (Build target(s)) -- FAILED.

Build FAILED.

Time Elapsed 00:00:01.44
